{
  "RSpec": {
    "coverage": {
      "/Users/jimmytruong/turing/4module/projects/OfferAid_BE/app/controllers/api/v1/all_items_controller.rb": [
        0,
        0,
        0,
        0,
        0
      ],
      "/Users/jimmytruong/turing/4module/projects/OfferAid_BE/app/controllers/api/v1/donations_controller.rb": [
        0,
        0,
        0,
        0,
        null,
        0,
        0,
        0,
        null,
        0,
        0,
        0,
        0,
        null,
        0,
        null,
        0,
        null,
        0,
        0,
        0,
        0
      ],
      "/Users/jimmytruong/turing/4module/projects/OfferAid_BE/app/controllers/api/v1/items_controller.rb": [
        0,
        0,
        0,
        0,
        0,
        null,
        0,
        null,
        0,
        0,
        0,
        0
      ],
      "/Users/jimmytruong/turing/4module/projects/OfferAid_BE/app/controllers/api/v1/sessions_controller.rb": [
        0,
        0,
        0,
        0,
        0,
        0,
        0,
        0,
        0,
        0,
        null,
        0,
        0,
        0,
        null,
        0,
        0,
        0,
        0,
        null,
        0,
        null,
        0,
        0,
        0,
        0
      ],
      "/Users/jimmytruong/turing/4module/projects/OfferAid_BE/app/controllers/api/v1/user_controller.rb": [
        0,
        0,
        0,
        0,
        null,
        0,
        0,
        0,
        0,
        0,
        0,
        0,
        0,
        null,
        0,
        0,
        0,
        0,
        null,
        0,
        null,
        0,
        0,
        0,
        0
      ],
      "/Users/jimmytruong/turing/4module/projects/OfferAid_BE/app/controllers/application_controller.rb": [
        0,
        0,
        null,
        0,
        0,
        0,
        null,
        0,
        0,
        0,
        null,
        0
      ],
      "/Users/jimmytruong/turing/4module/projects/OfferAid_BE/app/helpers/application_helper.rb": [
        0,
        0
      ],
      "/Users/jimmytruong/turing/4module/projects/OfferAid_BE/app/models/application_record.rb": [
        0,
        0,
        0
      ],
      "/Users/jimmytruong/turing/4module/projects/OfferAid_BE/app/models/donation.rb": [
        0,
        0,
        0,
        0,
        0
      ],
      "/Users/jimmytruong/turing/4module/projects/OfferAid_BE/app/models/donation_item.rb": [
        0,
        0,
        0,
        0,
        0
      ],
      "/Users/jimmytruong/turing/4module/projects/OfferAid_BE/app/models/item.rb": [
        0,
        0,
        0,
        null,
        0,
        0,
        0,
        0
      ],
      "/Users/jimmytruong/turing/4module/projects/OfferAid_BE/app/models/user.rb": [
        0,
        0,
        0,
        null,
        0,
        0
      ]
    },
    "timestamp": 1509805957
  }
}
