{
  "RSpec": {
    "coverage": {
      "/Users/jimmytruong/turing/4module/projects/OfferAid_BE/app/helpers/application_helper.rb": [
        1,
        null
      ],
      "/Users/jimmytruong/turing/4module/projects/OfferAid_BE/app/models/donation_item.rb": [
        1,
        1,
        1,
        1,
        null
      ],
      "/Users/jimmytruong/turing/4module/projects/OfferAid_BE/app/models/application_record.rb": [
        1,
        1,
        null
      ],
      "/Users/jimmytruong/turing/4module/projects/OfferAid_BE/app/models/item.rb": [
        1,
        1,
        1,
        null
      ],
      "/Users/jimmytruong/turing/4module/projects/OfferAid_BE/app/models/donation.rb": [
        1,
        1,
        1,
        1,
        null
      ],
      "/Users/jimmytruong/turing/4module/projects/OfferAid_BE/app/models/user.rb": [
        1,
        1,
        1,
        null,
        1,
        null
      ],
      "/Users/jimmytruong/turing/4module/projects/OfferAid_BE/app/controllers/api/v1/donations_controller.rb": [
        1,
        1,
        1,
        null,
        null,
        1,
        1,
        null,
        null
      ],
      "/Users/jimmytruong/turing/4module/projects/OfferAid_BE/app/controllers/application_controller.rb": [
        1,
        1,
        null
      ],
      "/Users/jimmytruong/turing/4module/projects/OfferAid_BE/app/controllers/api/v1/user_controller.rb": [
        1,
        1,
        1,
        null,
        null,
        1,
        3,
        3,
        1,
        null,
        2,
        null,
        null,
        null,
        1,
        1,
        1,
        null,
        null,
        1,
        null,
        1,
        4,
        null,
        null
      ]
    },
    "timestamp": 1508996678
  }
}
